<?xml version="1.0" encoding="utf-8"?><testsuites name="pytest tests"><testsuite name="pytest" errors="0" failures="0" skipped="0" tests="14" time="7.948" timestamp="2026-06-13T09:18:13.743938+00:00" hostname="agent-env-acdcb94d-2ec3-4507-9e79-29c4e70741b2"><testcase classname="backend.tests.test_marketplace_signup" name="test_tier_catalog_public" time="0.226" /><testcase classname="backend.tests.test_marketplace_signup" name="test_signup_horse_owner_active" time="0.582" /><testcase classname="backend.tests.test_marketplace_signup" name="test_signup_rider_active" time="0.468" /><testcase classname="backend.tests.test_marketplace_signup" name="test_signup_trainer_pending_review" time="0.492" /><testcase classname="backend.tests.test_marketplace_signup" name="test_signup_barn_owner_pending_review" time="0.490" /><testcase classname="backend.tests.test_marketplace_signup" name="test_signup_service_provider_pending_review" time="0.535" /><testcase classname="backend.tests.test_marketplace_signup" name="test_signup_rejects_unknown_role" time="0.088" /><testcase classname="backend.tests.test_marketplace_signup" name="test_signup_rejects_short_password" time="0.084" /><testcase classname="backend.tests.test_marketplace_signup" name="test_signup_rejects_duplicate_email" time="0.626" /><testcase classname="backend.tests.test_marketplace_signup" name="test_register_endpoint_still_role_locked" time="0.483" /><testcase classname="backend.tests.test_marketplace_signup" name="test_checkout_free_flips_subscription_status" time="0.666" /><testcase classname="backend.tests.test_marketplace_signup" name="test_checkout_paid_returns_stripe_url" time="1.000" /><testcase classname="backend.tests.test_marketplace_signup" name="test_checkout_rejects_invalid_tier" time="0.583" /><testcase classname="backend.tests.test_marketplace_signup" name="test_checkout_status_blocks_other_users_session" time="1.558" /></testsuite></testsuites>