<?xml version="1.0" encoding="utf-8"?><testsuites name="pytest tests"><testsuite name="pytest" errors="0" failures="0" skipped="0" tests="25" time="23.318" timestamp="2026-06-13T22:30:54.208101+00:00" hostname="agent-env-acdcb94d-2ec3-4507-9e79-29c4e70741b2"><testcase classname="backend.tests.test_review_queue_and_lifecycle" name="test_review_queue_lists_pending_user" time="2.016" /><testcase classname="backend.tests.test_review_queue_and_lifecycle" name="test_review_queue_forbidden_to_owners" time="0.753" /><testcase classname="backend.tests.test_review_queue_and_lifecycle" name="test_review_queue_approve_flow" time="1.830" /><testcase classname="backend.tests.test_review_queue_and_lifecycle" name="test_review_queue_reject_with_reason" time="1.931" /><testcase classname="backend.tests.test_review_queue_and_lifecycle" name="test_review_queue_404_for_unknown_user" time="1.107" /><testcase classname="backend.tests.test_review_queue_and_lifecycle" name="test_review_queue_history_lists_decisions" time="1.879" /><testcase classname="backend.tests.test_review_queue_and_lifecycle" name="test_paid_tier_signup_starts_trial" time="0.724" /><testcase classname="backend.tests.test_review_queue_and_lifecycle" name="test_free_tier_signup_no_trial" time="0.714" /><testcase classname="backend.tests.test_review_queue_and_lifecycle" name="test_start_trial_endpoint_idempotent_once" time="0.874" /><testcase classname="backend.tests.test_review_queue_and_lifecycle" name="test_start_trial_rejects_free_tier" time="0.756" /><testcase classname="backend.tests.test_review_queue_and_lifecycle" name="test_cancel_membership_flips_local_status" time="0.743" /><testcase classname="backend.tests.test_marketplace_signup" name="test_tier_catalog_public" time="0.100" /><testcase classname="backend.tests.test_marketplace_signup" name="test_signup_horse_owner_active" time="0.681" /><testcase classname="backend.tests.test_marketplace_signup" name="test_signup_rider_active" time="0.664" /><testcase classname="backend.tests.test_marketplace_signup" name="test_signup_trainer_pending_review" time="0.755" /><testcase classname="backend.tests.test_marketplace_signup" name="test_signup_barn_owner_pending_review" time="0.733" /><testcase classname="backend.tests.test_marketplace_signup" name="test_signup_service_provider_pending_review" time="0.683" /><testcase classname="backend.tests.test_marketplace_signup" name="test_signup_rejects_unknown_role" time="0.094" /><testcase classname="backend.tests.test_marketplace_signup" name="test_signup_rejects_short_password" time="0.106" /><testcase classname="backend.tests.test_marketplace_signup" name="test_signup_rejects_duplicate_email" time="0.761" /><testcase classname="backend.tests.test_marketplace_signup" name="test_register_endpoint_still_role_locked" time="0.497" /><testcase classname="backend.tests.test_marketplace_signup" name="test_checkout_free_flips_subscription_status" time="0.897" /><testcase classname="backend.tests.test_marketplace_signup" name="test_checkout_paid_returns_stripe_url" time="1.248" /><testcase classname="backend.tests.test_marketplace_signup" name="test_checkout_rejects_invalid_tier" time="0.849" /><testcase classname="backend.tests.test_marketplace_signup" name="test_checkout_status_blocks_other_users_session" time="1.831" /></testsuite></testsuites>