<?xml version="1.0" encoding="utf-8"?><testsuites name="pytest tests"><testsuite name="pytest" errors="0" failures="0" skipped="0" tests="9" time="3.944" timestamp="2026-06-14T07:02:00.336822+00:00" hostname="agent-env-acdcb94d-2ec3-4507-9e79-29c4e70741b2"><testcase classname="tests.test_subscriptions_15g" name="test_plans_public_no_auth_required" time="0.249" /><testcase classname="tests.test_subscriptions_15g" name="test_plans_public_strips_secrets" time="0.106" /><testcase classname="tests.test_subscriptions_15g" name="test_plans_public_has_cache_header" time="0.003" /><testcase classname="tests.test_subscriptions_15g" name="test_free_checkout_writes_local_subscription" time="0.847" /><testcase classname="tests.test_subscriptions_15g" name="test_free_checkout_no_barn_manage_required" time="0.803" /><testcase classname="tests.test_subscriptions_15g" name="test_legacy_membership_checkout_is_410" time="0.778" /><testcase classname="tests.test_subscriptions_15g" name="test_legacy_membership_checkout_410_for_paid_tiers_too" time="0.769" /><testcase classname="tests.test_subscriptions_15g" name="test_subscription_created_persists_amount_cents" time="0.141" /><testcase classname="tests.test_subscriptions_15g" name="test_subscription_updated_persists_amount_cents" time="0.110" /></testsuite></testsuites>